<?xml version="1.0" encoding="UTF-8"?>
<!-- Generated by org.testng.reporters.JUnitXMLReporter -->
<testsuite hostname="DESKTOP-G0FJJ3L" name="Default test" tests="3" failures="0" timestamp="15 Oct 2016 13:35:36 GMT" time="17.914" errors="0">
  <testcase name="Test010VerifyHomePage" time="2.711" classname="com.by.automate.tests.ep2p.android.Test_FCDemo"/>
  <testcase name="Test020GotoFaxian" time="2.514" classname="com.by.automate.tests.ep2p.android.Test_FCDemo"/>
  <testcase name="Test030GotoWode" time="3.265" classname="com.by.automate.tests.ep2p.android.Test_FCDemo"/>
</testsuite> <!-- Default test -->
