<?xml version="1.0" encoding="UTF-8"?>
<!-- Generated by org.testng.reporters.JUnitXMLReporter -->
<testsuite hostname="Wendy-PC" name="Demo WebApp" tests="1" failures="1" timestamp="24 Feb 2016 01:08:20 GMT" time="26.239" errors="0">
  <testcase name="Test010" time="26.087" classname="com.by.automate.tests.sample.web.Test_envierment">
    <failure type="java.lang.NullPointerException">
      <![CDATA[java.lang.NullPointerException
	at com.by.automate.tools.LastListenersTestng.getMessage(LastListenersTestng.java:286)
	at com.by.automate.tools.LastListenersTestng.onTestSuccess(LastListenersTestng.java:145)
... Removed 21 stack frames]]>
    </failure>
  </testcase> <!-- Test010 -->
</testsuite> <!-- Demo WebApp -->
