<?xml version="1.0" encoding="UTF-8"?>
<!-- Generated by org.testng.reporters.JUnitXMLReporter -->
<testsuite hostname="DESKTOP-G0FJJ3L" name="Demo WebApp" tests="3" failures="0" timestamp="15 Oct 2016 15:52:13 GMT" time="23.605" errors="0">
  <testcase name="Test010VerifyHomePage" time="2.595" classname="com.by.automate.tests.ep2p.android.Test_FCDemo"/>
  <testcase name="Test020GotoFaxian" time="2.849" classname="com.by.automate.tests.ep2p.android.Test_FCDemo"/>
  <testcase name="Test030GotoWode" time="3.129" classname="com.by.automate.tests.ep2p.android.Test_FCDemo"/>
</testsuite> <!-- Demo WebApp -->
